Failure # 1 (occurred at 2023-12-01_18-07-05)
The actor died because of an error raised in its creation task, [36mray::PPO.__init__()[39m (pid=10163, ip=127.0.0.1, actor_id=7d1d9d9c6b9b1199a29e92ec01000000, repr=PPO)
  File "/Users/anubhavjangra/Library/Python/3.9/lib/python/site-packages/ray/rllib/evaluation/worker_set.py", line 227, in _setup
    self.add_workers(
  File "/Users/anubhavjangra/Library/Python/3.9/lib/python/site-packages/ray/rllib/evaluation/worker_set.py", line 593, in add_workers
    raise result.get()
  File "/Users/anubhavjangra/Library/Python/3.9/lib/python/site-packages/ray/rllib/utils/actor_manager.py", line 481, in __fetch_result
    result = ray.get(r)
ray.exceptions.RayActorError: The actor died because of an error raised in its creation task, [36mray::RolloutWorker.__init__()[39m (pid=10168, ip=127.0.0.1, actor_id=13a5f5ddbd8cac5d18c00caf01000000, repr=<ray.rllib.evaluation.rollout_worker.RolloutWorker object at 0x167ce7250>)
TypeError: change_space() takes 1 positional argument but 2 were given

During handling of the above exception, another exception occurred:

[36mray::RolloutWorker.__init__()[39m (pid=10168, ip=127.0.0.1, actor_id=13a5f5ddbd8cac5d18c00caf01000000, repr=<ray.rllib.evaluation.rollout_worker.RolloutWorker object at 0x167ce7250>)
  File "/Users/anubhavjangra/Library/Python/3.9/lib/python/site-packages/ray/rllib/evaluation/rollout_worker.py", line 397, in __init__
    self.env = env_creator(copy.deepcopy(self.env_context))
  File "/Users/anubhavjangra/columbia/courses/coms4444/project4/Wedding-Gossip/Wedding-Gossip-Environment/train_model.py", line 30, in <lambda>
    register_env(env_name, lambda config: ParallelPettingZooEnv(env_creator(config)))
  File "/Users/anubhavjangra/columbia/courses/coms4444/project4/Wedding-Gossip/Wedding-Gossip-Environment/train_model.py", line 20, in env_creator
    env = ss.flatten_v0(env)
  File "/Users/anubhavjangra/Library/Python/3.9/lib/python/site-packages/supersuit/generic_wrappers/basic_wrappers.py", line 38, in flatten_v0
    return basic_obs_wrapper(env, basic_transforms.flatten, True)
  File "/Users/anubhavjangra/Library/Python/3.9/lib/python/site-packages/supersuit/generic_wrappers/basic_wrappers.py", line 21, in basic_obs_wrapper
    return observation_lambda_v0(env, change_obs, change_space)
  File "/Users/anubhavjangra/Library/Python/3.9/lib/python/site-packages/supersuit/utils/wrapper_chooser.py", line 34, in __call__
    self.aec_wrapper(parallel_to_aec(env), *args, **kwargs)
  File "/Users/anubhavjangra/Library/Python/3.9/lib/python/site-packages/supersuit/lambda_wrappers/observation_lambda.py", line 32, in __init__
    self.observation_space(agent)
  File "/Users/anubhavjangra/Library/Python/3.9/lib/python/site-packages/supersuit/lambda_wrappers/observation_lambda.py", line 63, in observation_space
    return self.change_obs_space_fn(old_obs_space)
  File "/Users/anubhavjangra/Library/Python/3.9/lib/python/site-packages/supersuit/generic_wrappers/basic_wrappers.py", line 15, in change_space
    space = module.change_obs_space(space, param)
  File "/Users/anubhavjangra/Library/Python/3.9/lib/python/site-packages/supersuit/utils/basic_transforms/flatten.py", line 11, in change_obs_space
    return convert_box(lambda obs: change_observation(obs, obs_space, param), obs_space)
  File "/Users/anubhavjangra/Library/Python/3.9/lib/python/site-packages/supersuit/utils/basic_transforms/__init__.py", line 5, in convert_box
    new_low = convert_obs_fn(old_box.low)
AttributeError: 'MultiDiscrete' object has no attribute 'low'

During handling of the above exception, another exception occurred:

[36mray::PPO.__init__()[39m (pid=10163, ip=127.0.0.1, actor_id=7d1d9d9c6b9b1199a29e92ec01000000, repr=PPO)
  File "/Users/anubhavjangra/Library/Python/3.9/lib/python/site-packages/ray/rllib/algorithms/algorithm.py", line 517, in __init__
    super().__init__(
  File "/Users/anubhavjangra/Library/Python/3.9/lib/python/site-packages/ray/tune/trainable/trainable.py", line 161, in __init__
    self.setup(copy.deepcopy(self.config))
  File "/Users/anubhavjangra/Library/Python/3.9/lib/python/site-packages/ray/rllib/algorithms/algorithm.py", line 639, in setup
    self.workers = WorkerSet(
  File "/Users/anubhavjangra/Library/Python/3.9/lib/python/site-packages/ray/rllib/evaluation/worker_set.py", line 179, in __init__
    raise e.args[0].args[2]
AttributeError: 'MultiDiscrete' object has no attribute 'low'
